<?xml version="1.0" encoding="utf-8"?><testsuites><testsuite name="pytest" errors="0" failures="0" skipped="0" tests="4" time="3.743" timestamp="2023-09-29T12:08:59.615417" hostname="Tanays-MacBook-Pro.local"><testcase classname="test_regression_project" name="test_regression_data_preparation" time="0.002" /><testcase classname="test_regression_project" name="test_regression_model_creation" time="0.260" /><testcase classname="test_regression_project" name="test_regression_model_training" time="0.209" /><testcase classname="test_regression_project" name="test_regression_model_prediction" time="0.181" /></testsuite></testsuites>