<?xml version="1.0" encoding="utf-8"?>
<testsuites>
    <testsuite name="pytest" errors="0" failures="0" skipped="0" tests="4" time="3.003"
        timestamp="2023-09-29T08:53:09.978763" hostname="Tanays-MacBook-Pro.local">
        <testcase classname="test_regression_project" name="test_regression_data_preparation"
            time="0.001" />
        <testcase classname="test_regression_project" name="test_regression_model_creation"
            time="0.201" />
        <testcase classname="test_regression_project" name="test_regression_model_training"
            time="0.202" />
        <testcase classname="test_regression_project" name="test_regression_model_prediction"
            time="0.179" />
    </testsuite>
</testsuites>